<?xml version="1.0" encoding="UTF-8"?>
<!-- Generated by org.testng.reporters.JUnitXMLReporter -->
<testsuite hostname="DESKTOP-3ACENMM" ignored="3" name="Test" tests="2" failures="0" timestamp="2023-03-31T17:17:09 IST" time="0.115" errors="0">
  <testcase name="Expan1" time="0.019" classname="MavenCMDtest.practiestest"/>
  <testcase name="Expand" time="0.003" classname="MavenCMDtest.practiestest"/>
  <testcase name="creat" time="0.0" classname="MavenCMDtest.practiestest">
    <ignored/>
  </testcase> <!-- creat -->
  <testcase name="maven" time="0.0" classname="MavenCMDtest.calss1">
    <ignored/>
  </testcase> <!-- maven -->
  <testcase name="command" time="0.0" classname="MavenCMDtest.calss1">
    <ignored/>
  </testcase> <!-- command -->
</testsuite> <!-- Test -->
