<?xml version="1.0" encoding="UTF-8"?>
<testng-results skipped="0" failed="0" ignored="0" total="1" passed="1">
  <reporter-output>
  </reporter-output>
  <suite name="Default suite" duration-ms="113" started-at="2023-04-03T10:20:02 IST" finished-at="2023-04-03T10:20:02 IST">
    <groups>
    </groups>
    <test name="Default test" duration-ms="113" started-at="2023-04-03T10:20:02 IST" finished-at="2023-04-03T10:20:02 IST">
      <class name="MavenCMDtest.Parameter">
        <test-method status="PASS" signature="TC_01()[pri:0, instance:MavenCMDtest.Parameter@57e1b0c]" name="TC_01" duration-ms="19" started-at="2023-04-03T10:20:02 IST" finished-at="2023-04-03T10:20:02 IST">
          <reporter-output>
          </reporter-output>
        </test-method> <!-- TC_01 -->
      </class> <!-- MavenCMDtest.Parameter -->
    </test> <!-- Default test -->
  </suite> <!-- Default suite -->
</testng-results>
