<?xml version="1.0" encoding="UTF-8"?>
<testng-results ignored="0" total="1" passed="1" failed="0" skipped="0">
  <reporter-output>
  </reporter-output>
  <suite started-at="2023-04-07T10:15:13 IST" name="Default suite" finished-at="2023-04-07T10:15:13 IST" duration-ms="124">
    <groups>
    </groups>
    <test started-at="2023-04-07T10:15:13 IST" name="Default test" finished-at="2023-04-07T10:15:13 IST" duration-ms="124">
      <class name="MavenCMDtest.Parameter">
        <test-method signature="TC_01()[pri:0, instance:MavenCMDtest.Parameter@a3d8174]" started-at="2023-04-07T10:15:13 IST" name="TC_01" finished-at="2023-04-07T10:15:13 IST" duration-ms="21" status="PASS">
          <reporter-output>
          </reporter-output>
        </test-method> <!-- TC_01 -->
      </class> <!-- MavenCMDtest.Parameter -->
    </test> <!-- Default test -->
  </suite> <!-- Default suite -->
</testng-results>
